\BOOKMARK [0][-]{chapter.1}{Cryptographic Primitives \046 Encodings}{}% 1
\BOOKMARK [1][-]{section.1.1}{Cryptographic Primitives}{chapter.1}% 2
\BOOKMARK [2][-]{subsection.1.1.1}{ElGamal Cryptosystem}{section.1.1}% 3
\BOOKMARK [2][-]{subsection.1.1.2}{Schnorr Signatures}{section.1.1}% 4
\BOOKMARK [2][-]{subsection.1.1.3}{Digital Certificates}{section.1.1}% 5
\BOOKMARK [2][-]{subsection.1.1.4}{Zero-Knowledge Proofs of Knowledge}{section.1.1}% 6
\BOOKMARK [2][-]{subsection.1.1.5}{Threshold Cryptosystem}{section.1.1}% 7
\BOOKMARK [2][-]{subsection.1.1.6}{Verifiable Mix-Nets}{section.1.1}% 8
\BOOKMARK [0][-]{chapter.2}{UniBoard}{}% 9
\BOOKMARK [1][-]{section.2.1}{Overview}{chapter.2}% 10
\BOOKMARK [1][-]{section.2.2}{Properties}{chapter.2}% 11
\BOOKMARK [2][-]{subsection.2.2.1}{UniBoard basic operations}{section.2.2}% 12
\BOOKMARK [2][-]{subsection.2.2.2}{Multipurpose}{section.2.2}% 13
\BOOKMARK [2][-]{subsection.2.2.3}{Sectioned}{section.2.2}% 14
\BOOKMARK [2][-]{subsection.2.2.4}{Structured}{section.2.2}% 15
\BOOKMARK [2][-]{subsection.2.2.5}{Typed}{section.2.2}% 16
\BOOKMARK [2][-]{subsection.2.2.6}{Access-controlled}{section.2.2}% 17
\BOOKMARK [2][-]{subsection.2.2.7}{Notifying}{section.2.2}% 18
\BOOKMARK [2][-]{subsection.2.2.8}{Append-Only}{section.2.2}% 19
\BOOKMARK [2][-]{subsection.2.2.9}{Certified Reading}{section.2.2}% 20
\BOOKMARK [2][-]{subsection.2.2.10}{Certified Posting}{section.2.2}% 21
\BOOKMARK [2][-]{subsection.2.2.11}{Searchable}{section.2.2}% 22
\BOOKMARK [0][-]{chapter.3}{UniCert}{}% 23
\BOOKMARK [0][-]{chapter.4}{UniVote}{}% 24
\BOOKMARK [1][-]{section.4.1}{Overview}{chapter.4}% 25
\BOOKMARK [1][-]{section.4.2}{Detailed Protocol Specification}{chapter.4}% 26
\BOOKMARK [2][-]{subsection.4.2.1}{Public Parameters}{section.4.2}% 27
\BOOKMARK [2][-]{subsection.4.2.2}{Public Identifiers and Keys}{section.4.2}% 28
\BOOKMARK [2][-]{subsection.4.2.3}{At all times}{section.4.2}% 29
\BOOKMARK [2][-]{subsection.4.2.4}{Registration}{section.4.2}% 30
\BOOKMARK [2][-]{subsection.4.2.5}{Election Setup}{section.4.2}% 31
\BOOKMARK [2][-]{subsection.4.2.6}{Election Preparation}{section.4.2}% 32
\BOOKMARK [2][-]{subsection.4.2.7}{Election Period}{section.4.2}% 33
\BOOKMARK [2][-]{subsection.4.2.8}{Mixing and Tallying}{section.4.2}% 34
\BOOKMARK [1][-]{section.4.3}{Late Registration}{chapter.4}% 35
\BOOKMARK [2][-]{subsection.4.3.1}{Election Period}{section.4.3}% 36
\BOOKMARK [1][-]{section.4.4}{Details of Proofs}{chapter.4}% 37
\BOOKMARK [2][-]{subsection.4.4.1}{Registration}{section.4.4}% 38
\BOOKMARK [2][-]{subsection.4.4.2}{Registration Renewal}{section.4.4}% 39
\BOOKMARK [2][-]{subsection.4.4.3}{Distributed Key Generation}{section.4.4}% 40
\BOOKMARK [2][-]{subsection.4.4.4}{Constructing the Election Generator}{section.4.4}% 41
\BOOKMARK [2][-]{subsection.4.4.5}{Mixing the Public Verification Keys}{section.4.4}% 42
\BOOKMARK [2][-]{subsection.4.4.6}{Vote Creation and Casting}{section.4.4}% 43
\BOOKMARK [2][-]{subsection.4.4.7}{Mixing the Encryptions}{section.4.4}% 44
\BOOKMARK [2][-]{subsection.4.4.8}{Decrypting the Votes}{section.4.4}% 45
\BOOKMARK [1][-]{section.4.5}{Encoding Choices, Rules, and Vote}{chapter.4}% 46
\BOOKMARK [2][-]{subsection.4.5.1}{Choices and Rules}{section.4.5}% 47
\BOOKMARK [2][-]{subsection.4.5.2}{Encoding Votes}{section.4.5}% 48
\BOOKMARK [0][-]{chapter*.3}{Bibliography}{}% 49
